{"/Users/zhao/Documents/code/mini-program-polyfill/packages/blob/index.ts": {"path":"/Users/zhao/Documents/code/mini-program-polyfill/packages/blob/index.ts","all":false,"statementMap":{"0":{"start":{"line":1,"column":0},"end":{"line":1,"column":17}},"1":{"start":{"line":2,"column":0},"end":{"line":2,"column":14}},"2":{"start":{"line":3,"column":0},"end":{"line":3,"column":21}},"3":{"start":{"line":4,"column":0},"end":{"line":4,"column":15}},"4":{"start":{"line":5,"column":0},"end":{"line":5,"column":15}},"5":{"start":{"line":6,"column":0},"end":{"line":6,"column":13}},"6":{"start":{"line":7,"column":0},"end":{"line":7,"column":14}},"7":{"start":{"line":8,"column":0},"end":{"line":8,"column":14}},"8":{"start":{"line":9,"column":0},"end":{"line":9,"column":16}},"9":{"start":{"line":10,"column":0},"end":{"line":10,"column":16}},"10":{"start":{"line":11,"column":0},"end":{"line":11,"column":0}},"11":{"start":{"line":12,"column":0},"end":{"line":12,"column":48}},"12":{"start":{"line":13,"column":0},"end":{"line":13,"column":76}},"13":{"start":{"line":14,"column":0},"end":{"line":14,"column":1}},"14":{"start":{"line":15,"column":0},"end":{"line":15,"column":0}},"15":{"start":{"line":16,"column":0},"end":{"line":16,"column":53}},"16":{"start":{"line":17,"column":0},"end":{"line":17,"column":50}},"17":{"start":{"line":18,"column":0},"end":{"line":18,"column":35}},"18":{"start":{"line":19,"column":0},"end":{"line":19,"column":21}},"19":{"start":{"line":20,"column":0},"end":{"line":20,"column":15}},"20":{"start":{"line":21,"column":0},"end":{"line":21,"column":22}},"21":{"start":{"line":22,"column":0},"end":{"line":22,"column":3}},"22":{"start":{"line":23,"column":0},"end":{"line":23,"column":13}},"23":{"start":{"line":24,"column":0},"end":{"line":24,"column":1}},"24":{"start":{"line":25,"column":0},"end":{"line":25,"column":0}},"25":{"start":{"line":26,"column":0},"end":{"line":26,"column":21}},"26":{"start":{"line":27,"column":0},"end":{"line":27,"column":23}},"27":{"start":{"line":28,"column":0},"end":{"line":28,"column":24}},"28":{"start":{"line":29,"column":0},"end":{"line":29,"column":31}},"29":{"start":{"line":30,"column":0},"end":{"line":30,"column":24}},"30":{"start":{"line":31,"column":0},"end":{"line":31,"column":25}},"31":{"start":{"line":32,"column":0},"end":{"line":32,"column":24}},"32":{"start":{"line":33,"column":0},"end":{"line":33,"column":25}},"33":{"start":{"line":34,"column":0},"end":{"line":34,"column":26}},"34":{"start":{"line":35,"column":0},"end":{"line":35,"column":26}},"35":{"start":{"line":36,"column":0},"end":{"line":36,"column":1}},"36":{"start":{"line":37,"column":0},"end":{"line":37,"column":0}},"37":{"start":{"line":38,"column":0},"end":{"line":38,"column":18}},"38":{"start":{"line":39,"column":0},"end":{"line":39,"column":66}},"39":{"start":{"line":40,"column":0},"end":{"line":40,"column":77}},"40":{"start":{"line":41,"column":0},"end":{"line":41,"column":1}},"41":{"start":{"line":42,"column":0},"end":{"line":42,"column":0}},"42":{"start":{"line":43,"column":0},"end":{"line":43,"column":75}},"43":{"start":{"line":44,"column":0},"end":{"line":44,"column":14}},"44":{"start":{"line":45,"column":0},"end":{"line":45,"column":23}},"45":{"start":{"line":46,"column":0},"end":{"line":46,"column":15}},"46":{"start":{"line":47,"column":0},"end":{"line":47,"column":28}},"47":{"start":{"line":48,"column":0},"end":{"line":48,"column":3}},"48":{"start":{"line":49,"column":0},"end":{"line":49,"column":32}},"49":{"start":{"line":50,"column":0},"end":{"line":50,"column":16}},"50":{"start":{"line":51,"column":0},"end":{"line":51,"column":25}},"51":{"start":{"line":52,"column":0},"end":{"line":52,"column":27}},"52":{"start":{"line":53,"column":0},"end":{"line":53,"column":27}},"53":{"start":{"line":54,"column":0},"end":{"line":54,"column":24}},"54":{"start":{"line":55,"column":0},"end":{"line":55,"column":62}},"55":{"start":{"line":56,"column":0},"end":{"line":56,"column":3}},"56":{"start":{"line":57,"column":0},"end":{"line":57,"column":0}},"57":{"start":{"line":58,"column":0},"end":{"line":58,"column":10}},"58":{"start":{"line":59,"column":0},"end":{"line":59,"column":1}},"59":{"start":{"line":60,"column":0},"end":{"line":60,"column":0}},"60":{"start":{"line":61,"column":0},"end":{"line":61,"column":58}},"61":{"start":{"line":62,"column":0},"end":{"line":62,"column":58}},"62":{"start":{"line":63,"column":0},"end":{"line":63,"column":58}},"63":{"start":{"line":64,"column":0},"end":{"line":64,"column":39}},"64":{"start":{"line":65,"column":0},"end":{"line":65,"column":13}},"65":{"start":{"line":66,"column":0},"end":{"line":66,"column":27}},"66":{"start":{"line":67,"column":0},"end":{"line":67,"column":65}},"67":{"start":{"line":68,"column":0},"end":{"line":68,"column":0}},"68":{"start":{"line":69,"column":0},"end":{"line":69,"column":31}},"69":{"start":{"line":70,"column":0},"end":{"line":70,"column":60}},"70":{"start":{"line":71,"column":0},"end":{"line":71,"column":68}},"71":{"start":{"line":72,"column":0},"end":{"line":72,"column":0}},"72":{"start":{"line":73,"column":0},"end":{"line":73,"column":21}},"73":{"start":{"line":74,"column":0},"end":{"line":74,"column":40}},"74":{"start":{"line":75,"column":0},"end":{"line":75,"column":45}},"75":{"start":{"line":76,"column":0},"end":{"line":76,"column":23}},"76":{"start":{"line":77,"column":0},"end":{"line":77,"column":22}},"77":{"start":{"line":78,"column":0},"end":{"line":78,"column":44}},"78":{"start":{"line":79,"column":0},"end":{"line":79,"column":42}},"79":{"start":{"line":80,"column":0},"end":{"line":80,"column":15}},"80":{"start":{"line":81,"column":0},"end":{"line":81,"column":69}},"81":{"start":{"line":82,"column":0},"end":{"line":82,"column":9}},"82":{"start":{"line":83,"column":0},"end":{"line":83,"column":7}},"83":{"start":{"line":84,"column":0},"end":{"line":84,"column":47}},"84":{"start":{"line":85,"column":0},"end":{"line":85,"column":39}},"85":{"start":{"line":86,"column":0},"end":{"line":86,"column":7}},"86":{"start":{"line":87,"column":0},"end":{"line":87,"column":5}},"87":{"start":{"line":88,"column":0},"end":{"line":88,"column":0}},"88":{"start":{"line":89,"column":0},"end":{"line":89,"column":53}},"89":{"start":{"line":90,"column":0},"end":{"line":90,"column":33}},"90":{"start":{"line":91,"column":0},"end":{"line":91,"column":32}},"91":{"start":{"line":92,"column":0},"end":{"line":92,"column":70}},"92":{"start":{"line":93,"column":0},"end":{"line":93,"column":46}},"93":{"start":{"line":94,"column":0},"end":{"line":94,"column":0}},"94":{"start":{"line":95,"column":0},"end":{"line":95,"column":41}},"95":{"start":{"line":96,"column":0},"end":{"line":96,"column":24}},"96":{"start":{"line":97,"column":0},"end":{"line":97,"column":21}},"97":{"start":{"line":98,"column":0},"end":{"line":98,"column":5}},"98":{"start":{"line":99,"column":0},"end":{"line":99,"column":0}},"99":{"start":{"line":100,"column":0},"end":{"line":100,"column":37}},"100":{"start":{"line":101,"column":0},"end":{"line":101,"column":15}},"101":{"start":{"line":102,"column":0},"end":{"line":102,"column":35}},"102":{"start":{"line":103,"column":0},"end":{"line":103,"column":14}},"103":{"start":{"line":104,"column":0},"end":{"line":104,"column":44}},"104":{"start":{"line":105,"column":0},"end":{"line":105,"column":15}},"105":{"start":{"line":106,"column":0},"end":{"line":106,"column":49}},"106":{"start":{"line":107,"column":0},"end":{"line":107,"column":44}},"107":{"start":{"line":108,"column":0},"end":{"line":108,"column":15}},"108":{"start":{"line":109,"column":0},"end":{"line":109,"column":50}},"109":{"start":{"line":110,"column":0},"end":{"line":110,"column":49}},"110":{"start":{"line":111,"column":0},"end":{"line":111,"column":44}},"111":{"start":{"line":112,"column":0},"end":{"line":112,"column":15}},"112":{"start":{"line":113,"column":0},"end":{"line":113,"column":50}},"113":{"start":{"line":114,"column":0},"end":{"line":114,"column":50}},"114":{"start":{"line":115,"column":0},"end":{"line":115,"column":49}},"115":{"start":{"line":116,"column":0},"end":{"line":116,"column":12}},"116":{"start":{"line":117,"column":0},"end":{"line":117,"column":26}},"117":{"start":{"line":118,"column":0},"end":{"line":118,"column":14}},"118":{"start":{"line":119,"column":0},"end":{"line":119,"column":5}},"119":{"start":{"line":120,"column":0},"end":{"line":120,"column":0}},"120":{"start":{"line":121,"column":0},"end":{"line":121,"column":40}},"121":{"start":{"line":122,"column":0},"end":{"line":122,"column":3}},"122":{"start":{"line":123,"column":0},"end":{"line":123,"column":0}},"123":{"start":{"line":124,"column":0},"end":{"line":124,"column":28}},"124":{"start":{"line":125,"column":0},"end":{"line":125,"column":1}},"125":{"start":{"line":126,"column":0},"end":{"line":126,"column":0}},"126":{"start":{"line":127,"column":0},"end":{"line":127,"column":58}},"127":{"start":{"line":128,"column":0},"end":{"line":128,"column":58}},"128":{"start":{"line":129,"column":0},"end":{"line":129,"column":58}},"129":{"start":{"line":130,"column":0},"end":{"line":130,"column":40}},"130":{"start":{"line":131,"column":0},"end":{"line":131,"column":24}},"131":{"start":{"line":132,"column":0},"end":{"line":132,"column":16}},"132":{"start":{"line":133,"column":0},"end":{"line":133,"column":0}},"133":{"start":{"line":134,"column":0},"end":{"line":134,"column":36}},"134":{"start":{"line":135,"column":0},"end":{"line":135,"column":11}},"135":{"start":{"line":136,"column":0},"end":{"line":136,"column":19}},"136":{"start":{"line":137,"column":0},"end":{"line":137,"column":28}},"137":{"start":{"line":138,"column":0},"end":{"line":138,"column":24}},"138":{"start":{"line":139,"column":0},"end":{"line":139,"column":26}},"139":{"start":{"line":140,"column":0},"end":{"line":140,"column":76}},"140":{"start":{"line":141,"column":0},"end":{"line":141,"column":0}},"141":{"start":{"line":142,"column":0},"end":{"line":142,"column":38}},"142":{"start":{"line":143,"column":0},"end":{"line":143,"column":58}},"143":{"start":{"line":144,"column":0},"end":{"line":144,"column":0}},"144":{"start":{"line":145,"column":0},"end":{"line":145,"column":33}},"145":{"start":{"line":146,"column":0},"end":{"line":146,"column":15}},"146":{"start":{"line":147,"column":0},"end":{"line":147,"column":33}},"147":{"start":{"line":148,"column":0},"end":{"line":148,"column":33}},"148":{"start":{"line":149,"column":0},"end":{"line":149,"column":11}},"149":{"start":{"line":150,"column":0},"end":{"line":150,"column":15}},"150":{"start":{"line":151,"column":0},"end":{"line":151,"column":15}},"151":{"start":{"line":152,"column":0},"end":{"line":152,"column":33}},"152":{"start":{"line":153,"column":0},"end":{"line":153,"column":45}},"153":{"start":{"line":154,"column":0},"end":{"line":154,"column":77}},"154":{"start":{"line":155,"column":0},"end":{"line":155,"column":39}},"155":{"start":{"line":156,"column":0},"end":{"line":156,"column":39}},"156":{"start":{"line":157,"column":0},"end":{"line":157,"column":13}},"157":{"start":{"line":158,"column":0},"end":{"line":158,"column":11}},"158":{"start":{"line":159,"column":0},"end":{"line":159,"column":15}},"159":{"start":{"line":160,"column":0},"end":{"line":160,"column":15}},"160":{"start":{"line":161,"column":0},"end":{"line":161,"column":33}},"161":{"start":{"line":162,"column":0},"end":{"line":162,"column":32}},"162":{"start":{"line":163,"column":0},"end":{"line":163,"column":76}},"163":{"start":{"line":164,"column":0},"end":{"line":164,"column":27}},"164":{"start":{"line":165,"column":0},"end":{"line":165,"column":42}},"165":{"start":{"line":166,"column":0},"end":{"line":166,"column":44}},"166":{"start":{"line":167,"column":0},"end":{"line":167,"column":32}},"167":{"start":{"line":168,"column":0},"end":{"line":168,"column":16}},"168":{"start":{"line":169,"column":0},"end":{"line":169,"column":38}},"169":{"start":{"line":170,"column":0},"end":{"line":170,"column":64}},"170":{"start":{"line":171,"column":0},"end":{"line":171,"column":15}},"171":{"start":{"line":172,"column":0},"end":{"line":172,"column":39}},"172":{"start":{"line":173,"column":0},"end":{"line":173,"column":13}},"173":{"start":{"line":174,"column":0},"end":{"line":174,"column":11}},"174":{"start":{"line":175,"column":0},"end":{"line":175,"column":15}},"175":{"start":{"line":176,"column":0},"end":{"line":176,"column":15}},"176":{"start":{"line":177,"column":0},"end":{"line":177,"column":33}},"177":{"start":{"line":178,"column":0},"end":{"line":178,"column":32}},"178":{"start":{"line":179,"column":0},"end":{"line":179,"column":33}},"179":{"start":{"line":180,"column":0},"end":{"line":180,"column":14}},"180":{"start":{"line":181,"column":0},"end":{"line":181,"column":43}},"181":{"start":{"line":182,"column":0},"end":{"line":182,"column":42}},"182":{"start":{"line":183,"column":0},"end":{"line":183,"column":40}},"183":{"start":{"line":184,"column":0},"end":{"line":184,"column":13}},"184":{"start":{"line":185,"column":0},"end":{"line":185,"column":27}},"185":{"start":{"line":186,"column":0},"end":{"line":186,"column":43}},"186":{"start":{"line":187,"column":0},"end":{"line":187,"column":44}},"187":{"start":{"line":188,"column":0},"end":{"line":188,"column":43}},"188":{"start":{"line":189,"column":0},"end":{"line":189,"column":33}},"189":{"start":{"line":190,"column":0},"end":{"line":190,"column":69}},"190":{"start":{"line":191,"column":0},"end":{"line":191,"column":39}},"191":{"start":{"line":192,"column":0},"end":{"line":192,"column":13}},"192":{"start":{"line":193,"column":0},"end":{"line":193,"column":11}},"193":{"start":{"line":194,"column":0},"end":{"line":194,"column":7}},"194":{"start":{"line":195,"column":0},"end":{"line":195,"column":5}},"195":{"start":{"line":196,"column":0},"end":{"line":196,"column":0}},"196":{"start":{"line":197,"column":0},"end":{"line":197,"column":29}},"197":{"start":{"line":198,"column":0},"end":{"line":198,"column":58}},"198":{"start":{"line":199,"column":0},"end":{"line":199,"column":58}},"199":{"start":{"line":200,"column":0},"end":{"line":200,"column":24}},"200":{"start":{"line":201,"column":0},"end":{"line":201,"column":26}},"201":{"start":{"line":202,"column":0},"end":{"line":202,"column":36}},"202":{"start":{"line":203,"column":0},"end":{"line":203,"column":47}},"203":{"start":{"line":204,"column":0},"end":{"line":204,"column":26}},"204":{"start":{"line":205,"column":0},"end":{"line":205,"column":53}},"205":{"start":{"line":206,"column":0},"end":{"line":206,"column":46}},"206":{"start":{"line":207,"column":0},"end":{"line":207,"column":5}},"207":{"start":{"line":208,"column":0},"end":{"line":208,"column":0}},"208":{"start":{"line":209,"column":0},"end":{"line":209,"column":23}},"209":{"start":{"line":210,"column":0},"end":{"line":210,"column":25}},"210":{"start":{"line":211,"column":0},"end":{"line":211,"column":3}},"211":{"start":{"line":212,"column":0},"end":{"line":212,"column":0}},"212":{"start":{"line":213,"column":0},"end":{"line":213,"column":24}},"213":{"start":{"line":214,"column":0},"end":{"line":214,"column":14}},"214":{"start":{"line":215,"column":0},"end":{"line":215,"column":36}},"215":{"start":{"line":216,"column":0},"end":{"line":216,"column":11}},"216":{"start":{"line":217,"column":0},"end":{"line":217,"column":0}},"217":{"start":{"line":218,"column":0},"end":{"line":218,"column":19}},"218":{"start":{"line":219,"column":0},"end":{"line":219,"column":45}},"219":{"start":{"line":220,"column":0},"end":{"line":220,"column":73}},"220":{"start":{"line":221,"column":0},"end":{"line":221,"column":3}},"221":{"start":{"line":222,"column":0},"end":{"line":222,"column":0}},"222":{"start":{"line":223,"column":0},"end":{"line":223,"column":12}},"223":{"start":{"line":224,"column":0},"end":{"line":224,"column":1}},"224":{"start":{"line":225,"column":0},"end":{"line":225,"column":0}},"225":{"start":{"line":226,"column":0},"end":{"line":226,"column":19}},"226":{"start":{"line":227,"column":0},"end":{"line":227,"column":18}},"227":{"start":{"line":228,"column":0},"end":{"line":228,"column":35}},"228":{"start":{"line":229,"column":0},"end":{"line":229,"column":58}},"229":{"start":{"line":230,"column":0},"end":{"line":230,"column":18}},"230":{"start":{"line":231,"column":0},"end":{"line":231,"column":0}},"231":{"start":{"line":232,"column":0},"end":{"line":232,"column":19}},"232":{"start":{"line":233,"column":0},"end":{"line":233,"column":18}},"233":{"start":{"line":234,"column":0},"end":{"line":234,"column":35}},"234":{"start":{"line":235,"column":0},"end":{"line":235,"column":58}},"235":{"start":{"line":236,"column":0},"end":{"line":236,"column":18}},"236":{"start":{"line":237,"column":0},"end":{"line":237,"column":0}},"237":{"start":{"line":238,"column":0},"end":{"line":238,"column":67}},"238":{"start":{"line":239,"column":0},"end":{"line":239,"column":42}},"239":{"start":{"line":240,"column":0},"end":{"line":240,"column":15}},"240":{"start":{"line":241,"column":0},"end":{"line":241,"column":1}},"241":{"start":{"line":242,"column":0},"end":{"line":242,"column":0}},"242":{"start":{"line":243,"column":0},"end":{"line":243,"column":20}},"243":{"start":{"line":244,"column":0},"end":{"line":244,"column":29}},"244":{"start":{"line":245,"column":0},"end":{"line":245,"column":14}},"245":{"start":{"line":246,"column":0},"end":{"line":246,"column":14}},"246":{"start":{"line":247,"column":0},"end":{"line":247,"column":0}},"247":{"start":{"line":248,"column":0},"end":{"line":248,"column":14}},"248":{"start":{"line":249,"column":0},"end":{"line":249,"column":39}},"249":{"start":{"line":250,"column":0},"end":{"line":250,"column":41}},"250":{"start":{"line":251,"column":0},"end":{"line":251,"column":5}},"251":{"start":{"line":252,"column":0},"end":{"line":252,"column":76}},"252":{"start":{"line":253,"column":0},"end":{"line":253,"column":59}},"253":{"start":{"line":254,"column":0},"end":{"line":254,"column":32}},"254":{"start":{"line":255,"column":0},"end":{"line":255,"column":42}},"255":{"start":{"line":256,"column":0},"end":{"line":256,"column":33}},"256":{"start":{"line":257,"column":0},"end":{"line":257,"column":45}},"257":{"start":{"line":258,"column":0},"end":{"line":258,"column":37}},"258":{"start":{"line":259,"column":0},"end":{"line":259,"column":17}},"259":{"start":{"line":260,"column":0},"end":{"line":260,"column":76}},"260":{"start":{"line":261,"column":0},"end":{"line":261,"column":32}},"261":{"start":{"line":262,"column":0},"end":{"line":262,"column":9}},"262":{"start":{"line":263,"column":0},"end":{"line":263,"column":66}},"263":{"start":{"line":264,"column":0},"end":{"line":264,"column":37}},"264":{"start":{"line":265,"column":0},"end":{"line":265,"column":45}},"265":{"start":{"line":266,"column":0},"end":{"line":266,"column":14}},"266":{"start":{"line":267,"column":0},"end":{"line":267,"column":45}},"267":{"start":{"line":268,"column":0},"end":{"line":268,"column":7}},"268":{"start":{"line":269,"column":0},"end":{"line":269,"column":5}},"269":{"start":{"line":270,"column":0},"end":{"line":270,"column":0}},"270":{"start":{"line":271,"column":0},"end":{"line":271,"column":44}},"271":{"start":{"line":272,"column":0},"end":{"line":272,"column":35}},"272":{"start":{"line":273,"column":0},"end":{"line":273,"column":0}},"273":{"start":{"line":274,"column":0},"end":{"line":274,"column":34}},"274":{"start":{"line":275,"column":0},"end":{"line":275,"column":45}},"275":{"start":{"line":276,"column":0},"end":{"line":276,"column":20}},"276":{"start":{"line":277,"column":0},"end":{"line":277,"column":12}},"277":{"start":{"line":278,"column":0},"end":{"line":278,"column":41}},"278":{"start":{"line":279,"column":0},"end":{"line":279,"column":5}},"279":{"start":{"line":280,"column":0},"end":{"line":280,"column":3}},"280":{"start":{"line":281,"column":0},"end":{"line":281,"column":0}},"281":{"start":{"line":282,"column":0},"end":{"line":282,"column":54}},"282":{"start":{"line":283,"column":0},"end":{"line":283,"column":76}},"283":{"start":{"line":284,"column":0},"end":{"line":284,"column":38}},"284":{"start":{"line":285,"column":0},"end":{"line":285,"column":17}},"285":{"start":{"line":286,"column":0},"end":{"line":286,"column":6}},"286":{"start":{"line":287,"column":0},"end":{"line":287,"column":3}},"287":{"start":{"line":288,"column":0},"end":{"line":288,"column":0}},"288":{"start":{"line":289,"column":0},"end":{"line":289,"column":14}},"289":{"start":{"line":290,"column":0},"end":{"line":290,"column":26}},"290":{"start":{"line":291,"column":0},"end":{"line":291,"column":3}},"291":{"start":{"line":292,"column":0},"end":{"line":292,"column":0}},"292":{"start":{"line":293,"column":0},"end":{"line":293,"column":39}},"293":{"start":{"line":294,"column":0},"end":{"line":294,"column":45}},"294":{"start":{"line":295,"column":0},"end":{"line":295,"column":11}},"295":{"start":{"line":296,"column":0},"end":{"line":296,"column":63}},"296":{"start":{"line":297,"column":0},"end":{"line":297,"column":23}},"297":{"start":{"line":298,"column":0},"end":{"line":298,"column":57}},"298":{"start":{"line":299,"column":0},"end":{"line":299,"column":7}},"299":{"start":{"line":300,"column":0},"end":{"line":300,"column":6}},"300":{"start":{"line":301,"column":0},"end":{"line":301,"column":3}},"301":{"start":{"line":302,"column":0},"end":{"line":302,"column":0}},"302":{"start":{"line":303,"column":0},"end":{"line":303,"column":27}},"303":{"start":{"line":304,"column":0},"end":{"line":304,"column":45}},"304":{"start":{"line":305,"column":0},"end":{"line":305,"column":11}},"305":{"start":{"line":306,"column":0},"end":{"line":306,"column":41}},"306":{"start":{"line":307,"column":0},"end":{"line":307,"column":23}},"307":{"start":{"line":308,"column":0},"end":{"line":308,"column":57}},"308":{"start":{"line":309,"column":0},"end":{"line":309,"column":7}},"309":{"start":{"line":310,"column":0},"end":{"line":310,"column":6}},"310":{"start":{"line":311,"column":0},"end":{"line":311,"column":3}},"311":{"start":{"line":312,"column":0},"end":{"line":312,"column":0}},"312":{"start":{"line":313,"column":0},"end":{"line":313,"column":28}},"313":{"start":{"line":314,"column":0},"end":{"line":314,"column":20}},"314":{"start":{"line":315,"column":0},"end":{"line":315,"column":70}},"315":{"start":{"line":316,"column":0},"end":{"line":316,"column":5}},"316":{"start":{"line":317,"column":0},"end":{"line":317,"column":3}},"317":{"start":{"line":318,"column":0},"end":{"line":318,"column":1}},"318":{"start":{"line":319,"column":0},"end":{"line":319,"column":0}},"319":{"start":{"line":320,"column":0},"end":{"line":320,"column":58}},"320":{"start":{"line":321,"column":0},"end":{"line":321,"column":62}},"321":{"start":{"line":322,"column":0},"end":{"line":322,"column":63}},"322":{"start":{"line":323,"column":0},"end":{"line":323,"column":1}},"323":{"start":{"line":324,"column":0},"end":{"line":324,"column":0}},"324":{"start":{"line":325,"column":0},"end":{"line":325,"column":46}},"325":{"start":{"line":326,"column":0},"end":{"line":326,"column":5}},"326":{"start":{"line":327,"column":0},"end":{"line":327,"column":24}},"327":{"start":{"line":328,"column":0},"end":{"line":328,"column":48}},"328":{"start":{"line":329,"column":0},"end":{"line":329,"column":20}},"329":{"start":{"line":330,"column":0},"end":{"line":330,"column":64}},"330":{"start":{"line":331,"column":0},"end":{"line":331,"column":21}},"331":{"start":{"line":332,"column":0},"end":{"line":332,"column":0}},"332":{"start":{"line":333,"column":0},"end":{"line":333,"column":31}},"333":{"start":{"line":334,"column":0},"end":{"line":334,"column":35}},"334":{"start":{"line":335,"column":0},"end":{"line":335,"column":61}},"335":{"start":{"line":336,"column":0},"end":{"line":336,"column":0}},"336":{"start":{"line":337,"column":0},"end":{"line":337,"column":59}},"337":{"start":{"line":338,"column":0},"end":{"line":338,"column":39}},"338":{"start":{"line":339,"column":0},"end":{"line":339,"column":51}},"339":{"start":{"line":340,"column":0},"end":{"line":340,"column":40}},"340":{"start":{"line":341,"column":0},"end":{"line":341,"column":0}},"341":{"start":{"line":342,"column":0},"end":{"line":342,"column":55}},"342":{"start":{"line":343,"column":0},"end":{"line":343,"column":10}},"343":{"start":{"line":344,"column":0},"end":{"line":344,"column":8}},"344":{"start":{"line":345,"column":0},"end":{"line":345,"column":6}},"345":{"start":{"line":346,"column":0},"end":{"line":346,"column":3}},"346":{"start":{"line":347,"column":0},"end":{"line":347,"column":14}},"347":{"start":{"line":348,"column":0},"end":{"line":348,"column":0}},"348":{"start":{"line":349,"column":0},"end":{"line":349,"column":13}},"349":{"start":{"line":350,"column":0},"end":{"line":350,"column":40}},"350":{"start":{"line":351,"column":0},"end":{"line":351,"column":1}},"351":{"start":{"line":352,"column":0},"end":{"line":352,"column":0}},"352":{"start":{"line":353,"column":0},"end":{"line":353,"column":27}}},"s":{"0":1,"1":1,"2":1,"3":1,"4":1,"5":1,"6":1,"7":1,"8":1,"9":1,"10":1,"11":2,"12":2,"13":2,"14":1,"15":7,"16":7,"17":7,"18":7,"19":7,"20":40,"21":40,"22":7,"23":7,"24":1,"25":1,"26":1,"27":1,"28":1,"29":1,"30":1,"31":1,"32":1,"33":1,"34":1,"35":1,"36":1,"37":1,"38":1,"39":7,"40":7,"41":1,"42":7,"43":7,"44":7,"45":7,"46":12,"47":12,"48":7,"49":7,"50":7,"51":7,"52":12,"53":12,"54":12,"55":12,"56":7,"57":7,"58":7,"59":1,"60":1,"61":1,"62":1,"63":4,"64":4,"65":4,"66":4,"67":4,"68":4,"69":4,"70":4,"71":4,"72":4,"73":16,"74":16,"75":0,"76":0,"77":0,"78":0,"79":0,"80":0,"81":0,"82":0,"83":0,"84":0,"85":0,"86":0,"87":16,"88":16,"89":16,"90":0,"91":0,"92":0,"93":0,"94":0,"95":0,"96":0,"97":0,"98":16,"99":16,"100":16,"101":16,"102":16,"103":16,"104":0,"105":0,"106":0,"107":0,"108":0,"109":0,"110":0,"111":0,"112":0,"113":0,"114":0,"115":0,"116":0,"117":0,"118":0,"119":0,"120":0,"121":0,"122":4,"123":4,"124":4,"125":1,"126":1,"127":1,"128":1,"129":2,"130":2,"131":2,"132":2,"133":2,"134":2,"135":2,"136":8,"137":8,"138":8,"139":8,"140":8,"141":8,"142":8,"143":8,"144":8,"145":8,"146":8,"147":8,"148":8,"149":8,"150":8,"151":0,"152":0,"153":0,"154":0,"155":0,"156":0,"157":0,"158":0,"159":8,"160":0,"161":0,"162":0,"163":0,"164":0,"165":0,"166":0,"167":0,"168":0,"169":0,"170":0,"171":0,"172":0,"173":0,"174":0,"175":8,"176":0,"177":0,"178":0,"179":0,"180":0,"181":0,"182":0,"183":0,"184":0,"185":0,"186":0,"187":0,"188":0,"189":0,"190":0,"191":0,"192":0,"193":8,"194":8,"195":8,"196":8,"197":0,"198":0,"199":0,"200":0,"201":8,"202":0,"203":0,"204":0,"205":0,"206":0,"207":8,"208":8,"209":8,"210":8,"211":2,"212":2,"213":2,"214":2,"215":2,"216":2,"217":2,"218":2,"219":2,"220":2,"221":2,"222":2,"223":2,"224":1,"225":1,"226":1,"227":1,"228":1,"229":1,"230":1,"231":1,"232":1,"233":1,"234":1,"235":1,"236":1,"237":1,"238":1,"239":1,"240":1,"241":1,"242":2,"243":2,"244":2,"245":2,"246":2,"247":2,"248":7,"249":7,"250":7,"251":7,"252":7,"253":12,"254":12,"255":1,"256":12,"257":3,"258":11,"259":8,"260":7,"261":8,"262":6,"263":8,"264":1,"265":1,"266":1,"267":1,"268":12,"269":7,"270":7,"271":7,"272":7,"273":7,"274":7,"275":0,"276":7,"277":7,"278":7,"279":7,"280":2,"281":2,"282":4,"283":4,"284":4,"285":4,"286":4,"287":2,"288":2,"289":1,"290":1,"291":2,"292":2,"293":4,"294":4,"295":4,"296":4,"297":0,"298":0,"299":4,"300":4,"301":2,"302":2,"303":2,"304":2,"305":2,"306":2,"307":0,"308":0,"309":2,"310":2,"311":2,"312":2,"313":1,"314":1,"315":1,"316":1,"317":2,"318":1,"319":1,"320":1,"321":1,"322":1,"323":1,"324":1,"325":1,"326":1,"327":1,"328":0,"329":0,"330":0,"331":0,"332":0,"333":0,"334":0,"335":0,"336":0,"337":0,"338":0,"339":0,"340":0,"341":0,"342":0,"343":0,"344":0,"345":0,"346":1,"347":1,"348":1,"349":0,"350":0,"351":1,"352":1},"branchMap":{"0":{"type":"branch","line":229,"loc":{"start":{"line":229,"column":4},"end":{"line":229,"column":58}},"locations":[{"start":{"line":229,"column":4},"end":{"line":229,"column":58}}]},"1":{"type":"branch","line":235,"loc":{"start":{"line":235,"column":4},"end":{"line":235,"column":58}},"locations":[{"start":{"line":235,"column":4},"end":{"line":235,"column":58}}]},"2":{"type":"branch","line":349,"loc":{"start":{"line":349,"column":12},"end":{"line":351,"column":1}},"locations":[{"start":{"line":349,"column":12},"end":{"line":351,"column":1}}]},"3":{"type":"branch","line":12,"loc":{"start":{"line":12,"column":0},"end":{"line":14,"column":1}},"locations":[{"start":{"line":12,"column":0},"end":{"line":14,"column":1}}]},"4":{"type":"branch","line":16,"loc":{"start":{"line":16,"column":0},"end":{"line":24,"column":1}},"locations":[{"start":{"line":16,"column":0},"end":{"line":24,"column":1}}]},"5":{"type":"branch","line":20,"loc":{"start":{"line":20,"column":14},"end":{"line":22,"column":3}},"locations":[{"start":{"line":20,"column":14},"end":{"line":22,"column":3}}]},"6":{"type":"branch","line":39,"loc":{"start":{"line":39,"column":26},"end":{"line":41,"column":1}},"locations":[{"start":{"line":39,"column":26},"end":{"line":41,"column":1}}]},"7":{"type":"branch","line":43,"loc":{"start":{"line":43,"column":0},"end":{"line":59,"column":1}},"locations":[{"start":{"line":43,"column":0},"end":{"line":59,"column":1}}]},"8":{"type":"branch","line":46,"loc":{"start":{"line":46,"column":14},"end":{"line":48,"column":3}},"locations":[{"start":{"line":46,"column":14},"end":{"line":48,"column":3}}]},"9":{"type":"branch","line":52,"loc":{"start":{"line":52,"column":26},"end":{"line":56,"column":3}},"locations":[{"start":{"line":52,"column":26},"end":{"line":56,"column":3}}]},"10":{"type":"branch","line":55,"loc":{"start":{"line":55,"column":46},"end":{"line":55,"column":62}},"locations":[{"start":{"line":55,"column":46},"end":{"line":55,"column":62}}]},"11":{"type":"branch","line":64,"loc":{"start":{"line":64,"column":0},"end":{"line":125,"column":1}},"locations":[{"start":{"line":64,"column":0},"end":{"line":125,"column":1}}]},"12":{"type":"branch","line":67,"loc":{"start":{"line":67,"column":24},"end":{"line":67,"column":33}},"locations":[{"start":{"line":67,"column":24},"end":{"line":67,"column":33}}]},"13":{"type":"branch","line":73,"loc":{"start":{"line":73,"column":20},"end":{"line":122,"column":3}},"locations":[{"start":{"line":73,"column":20},"end":{"line":122,"column":3}}]},"14":{"type":"branch","line":75,"loc":{"start":{"line":75,"column":23},"end":{"line":75,"column":42}},"locations":[{"start":{"line":75,"column":23},"end":{"line":75,"column":42}}]},"15":{"type":"branch","line":75,"loc":{"start":{"line":75,"column":44},"end":{"line":87,"column":5}},"locations":[{"start":{"line":75,"column":44},"end":{"line":87,"column":5}}]},"16":{"type":"branch","line":90,"loc":{"start":{"line":90,"column":32},"end":{"line":98,"column":5}},"locations":[{"start":{"line":90,"column":32},"end":{"line":98,"column":5}}]},"17":{"type":"branch","line":104,"loc":{"start":{"line":104,"column":5},"end":{"line":122,"column":3}},"locations":[{"start":{"line":104,"column":5},"end":{"line":122,"column":3}}]},"18":{"type":"branch","line":130,"loc":{"start":{"line":130,"column":0},"end":{"line":224,"column":1}},"locations":[{"start":{"line":130,"column":0},"end":{"line":224,"column":1}}]},"19":{"type":"branch","line":136,"loc":{"start":{"line":136,"column":18},"end":{"line":211,"column":3}},"locations":[{"start":{"line":136,"column":18},"end":{"line":211,"column":3}}]},"20":{"type":"branch","line":140,"loc":{"start":{"line":140,"column":23},"end":{"line":140,"column":26}},"locations":[{"start":{"line":140,"column":23},"end":{"line":140,"column":26}}]},"21":{"type":"branch","line":140,"loc":{"start":{"line":140,"column":46},"end":{"line":140,"column":49}},"locations":[{"start":{"line":140,"column":46},"end":{"line":140,"column":49}}]},"22":{"type":"branch","line":140,"loc":{"start":{"line":140,"column":69},"end":{"line":140,"column":72}},"locations":[{"start":{"line":140,"column":69},"end":{"line":140,"column":72}}]},"23":{"type":"branch","line":151,"loc":{"start":{"line":151,"column":8},"end":{"line":159,"column":15}},"locations":[{"start":{"line":151,"column":8},"end":{"line":159,"column":15}}]},"24":{"type":"branch","line":160,"loc":{"start":{"line":160,"column":8},"end":{"line":175,"column":15}},"locations":[{"start":{"line":160,"column":8},"end":{"line":175,"column":15}}]},"25":{"type":"branch","line":176,"loc":{"start":{"line":176,"column":8},"end":{"line":193,"column":11}},"locations":[{"start":{"line":176,"column":8},"end":{"line":193,"column":11}}]},"26":{"type":"branch","line":197,"loc":{"start":{"line":197,"column":28},"end":{"line":202,"column":11}},"locations":[{"start":{"line":197,"column":28},"end":{"line":202,"column":11}}]},"27":{"type":"branch","line":202,"loc":{"start":{"line":202,"column":35},"end":{"line":207,"column":5}},"locations":[{"start":{"line":202,"column":35},"end":{"line":207,"column":5}}]},"28":{"type":"branch","line":243,"loc":{"start":{"line":243,"column":0},"end":{"line":318,"column":1}},"locations":[{"start":{"line":243,"column":0},"end":{"line":318,"column":1}}]},"29":{"type":"branch","line":248,"loc":{"start":{"line":248,"column":2},"end":{"line":280,"column":3}},"locations":[{"start":{"line":248,"column":2},"end":{"line":280,"column":3}}]},"30":{"type":"branch","line":249,"loc":{"start":{"line":249,"column":4},"end":{"line":249,"column":39}},"locations":[{"start":{"line":249,"column":4},"end":{"line":249,"column":39}}]},"31":{"type":"branch","line":250,"loc":{"start":{"line":250,"column":4},"end":{"line":250,"column":41}},"locations":[{"start":{"line":250,"column":4},"end":{"line":250,"column":41}}]},"32":{"type":"branch","line":253,"loc":{"start":{"line":253,"column":58},"end":{"line":269,"column":5}},"locations":[{"start":{"line":253,"column":58},"end":{"line":269,"column":5}}]},"33":{"type":"branch","line":255,"loc":{"start":{"line":255,"column":41},"end":{"line":257,"column":13}},"locations":[{"start":{"line":255,"column":41},"end":{"line":257,"column":13}}]},"34":{"type":"branch","line":257,"loc":{"start":{"line":257,"column":7},"end":{"line":268,"column":7}},"locations":[{"start":{"line":257,"column":7},"end":{"line":268,"column":7}}]},"35":{"type":"branch","line":257,"loc":{"start":{"line":257,"column":44},"end":{"line":259,"column":13}},"locations":[{"start":{"line":257,"column":44},"end":{"line":259,"column":13}}]},"36":{"type":"branch","line":259,"loc":{"start":{"line":259,"column":7},"end":{"line":268,"column":7}},"locations":[{"start":{"line":259,"column":7},"end":{"line":268,"column":7}}]},"37":{"type":"branch","line":260,"loc":{"start":{"line":260,"column":73},"end":{"line":261,"column":32}},"locations":[{"start":{"line":260,"column":73},"end":{"line":261,"column":32}}]},"38":{"type":"branch","line":262,"loc":{"start":{"line":262,"column":8},"end":{"line":264,"column":13}},"locations":[{"start":{"line":262,"column":8},"end":{"line":264,"column":13}}]},"39":{"type":"branch","line":264,"loc":{"start":{"line":264,"column":7},"end":{"line":268,"column":7}},"locations":[{"start":{"line":264,"column":7},"end":{"line":268,"column":7}}]},"40":{"type":"branch","line":264,"loc":{"start":{"line":264,"column":36},"end":{"line":268,"column":7}},"locations":[{"start":{"line":264,"column":36},"end":{"line":268,"column":7}}]},"41":{"type":"branch","line":274,"loc":{"start":{"line":274,"column":28},"end":{"line":274,"column":34}},"locations":[{"start":{"line":274,"column":28},"end":{"line":274,"column":34}}]},"42":{"type":"branch","line":275,"loc":{"start":{"line":275,"column":44},"end":{"line":277,"column":11}},"locations":[{"start":{"line":275,"column":44},"end":{"line":277,"column":11}}]},"43":{"type":"branch","line":282,"loc":{"start":{"line":282,"column":2},"end":{"line":287,"column":3}},"locations":[{"start":{"line":282,"column":2},"end":{"line":287,"column":3}}]},"44":{"type":"branch","line":283,"loc":{"start":{"line":283,"column":42},"end":{"line":283,"column":47}},"locations":[{"start":{"line":283,"column":42},"end":{"line":283,"column":47}}]},"45":{"type":"branch","line":283,"loc":{"start":{"line":283,"column":52},"end":{"line":283,"column":75}},"locations":[{"start":{"line":283,"column":52},"end":{"line":283,"column":75}}]},"46":{"type":"branch","line":289,"loc":{"start":{"line":289,"column":2},"end":{"line":291,"column":3}},"locations":[{"start":{"line":289,"column":2},"end":{"line":291,"column":3}}]},"47":{"type":"branch","line":293,"loc":{"start":{"line":293,"column":2},"end":{"line":301,"column":3}},"locations":[{"start":{"line":293,"column":2},"end":{"line":301,"column":3}}]},"48":{"type":"branch","line":294,"loc":{"start":{"line":294,"column":23},"end":{"line":300,"column":5}},"locations":[{"start":{"line":294,"column":23},"end":{"line":300,"column":5}}]},"49":{"type":"branch","line":296,"loc":{"start":{"line":296,"column":36},"end":{"line":296,"column":52}},"locations":[{"start":{"line":296,"column":36},"end":{"line":296,"column":52}}]},"50":{"type":"branch","line":297,"loc":{"start":{"line":297,"column":8},"end":{"line":299,"column":7}},"locations":[{"start":{"line":297,"column":8},"end":{"line":299,"column":7}}]},"51":{"type":"branch","line":303,"loc":{"start":{"line":303,"column":2},"end":{"line":311,"column":3}},"locations":[{"start":{"line":303,"column":2},"end":{"line":311,"column":3}}]},"52":{"type":"branch","line":304,"loc":{"start":{"line":304,"column":23},"end":{"line":310,"column":5}},"locations":[{"start":{"line":304,"column":23},"end":{"line":310,"column":5}}]},"53":{"type":"branch","line":307,"loc":{"start":{"line":307,"column":8},"end":{"line":309,"column":7}},"locations":[{"start":{"line":307,"column":8},"end":{"line":309,"column":7}}]},"54":{"type":"branch","line":313,"loc":{"start":{"line":313,"column":2},"end":{"line":317,"column":3}},"locations":[{"start":{"line":313,"column":2},"end":{"line":317,"column":3}}]}},"b":{"0":[0],"1":[0],"2":[0],"3":[2],"4":[7],"5":[40],"6":[7],"7":[7],"8":[12],"9":[12],"10":[7],"11":[4],"12":[0],"13":[16],"14":[0],"15":[0],"16":[0],"17":[0],"18":[2],"19":[8],"20":[0],"21":[0],"22":[0],"23":[0],"24":[0],"25":[0],"26":[0],"27":[0],"28":[2],"29":[7],"30":[0],"31":[1],"32":[12],"33":[1],"34":[11],"35":[3],"36":[8],"37":[7],"38":[6],"39":[2],"40":[1],"41":[4],"42":[0],"43":[4],"44":[2],"45":[2],"46":[1],"47":[4],"48":[4],"49":[0],"50":[0],"51":[2],"52":[2],"53":[0],"54":[1]},"fnMap":{"0":{"name":"isDataView","decl":{"start":{"line":12,"column":0},"end":{"line":14,"column":1}},"loc":{"start":{"line":12,"column":0},"end":{"line":14,"column":1}},"line":12},"1":{"name":"bufferClone","decl":{"start":{"line":16,"column":0},"end":{"line":24,"column":1}},"loc":{"start":{"line":16,"column":0},"end":{"line":24,"column":1}},"line":16},"2":{"name":"isArrayBufferView","decl":{"start":{"line":39,"column":26},"end":{"line":41,"column":1}},"loc":{"start":{"line":39,"column":26},"end":{"line":41,"column":1}},"line":39},"3":{"name":"concatTypedarrays","decl":{"start":{"line":43,"column":0},"end":{"line":59,"column":1}},"loc":{"start":{"line":43,"column":0},"end":{"line":59,"column":1}},"line":43},"4":{"name":"stringEncode","decl":{"start":{"line":64,"column":0},"end":{"line":125,"column":1}},"loc":{"start":{"line":64,"column":0},"end":{"line":125,"column":1}},"line":64},"5":{"name":"stringDecode","decl":{"start":{"line":130,"column":0},"end":{"line":224,"column":1}},"loc":{"start":{"line":130,"column":0},"end":{"line":224,"column":1}},"line":130},"6":{"name":"BlobPolyfill","decl":{"start":{"line":248,"column":2},"end":{"line":280,"column":3}},"loc":{"start":{"line":248,"column":2},"end":{"line":280,"column":3}},"line":248},"7":{"name":"Object.<anonymous>.BlobPolyfill.slice","decl":{"start":{"line":282,"column":2},"end":{"line":287,"column":3}},"loc":{"start":{"line":282,"column":2},"end":{"line":287,"column":3}},"line":282},"8":{"name":"Object.<anonymous>.BlobPolyfill.toString","decl":{"start":{"line":289,"column":2},"end":{"line":291,"column":3}},"loc":{"start":{"line":289,"column":2},"end":{"line":291,"column":3}},"line":289},"9":{"name":"Object.<anonymous>.BlobPolyfill.arrayBuffer","decl":{"start":{"line":293,"column":2},"end":{"line":301,"column":3}},"loc":{"start":{"line":293,"column":2},"end":{"line":301,"column":3}},"line":293},"10":{"name":"Object.<anonymous>.BlobPolyfill.text","decl":{"start":{"line":303,"column":2},"end":{"line":311,"column":3}},"loc":{"start":{"line":303,"column":2},"end":{"line":311,"column":3}},"line":303},"11":{"name":"Object.<anonymous>.BlobPolyfill.stream","decl":{"start":{"line":313,"column":2},"end":{"line":317,"column":3}},"loc":{"start":{"line":313,"column":2},"end":{"line":317,"column":3}},"line":313},"12":{"name":"stream","decl":{"start":{"line":328,"column":11},"end":{"line":346,"column":3}},"loc":{"start":{"line":328,"column":11},"end":{"line":346,"column":3}},"line":328}},"f":{"0":2,"1":7,"2":7,"3":7,"4":4,"5":2,"6":7,"7":4,"8":1,"9":4,"10":2,"11":1,"12":0}}
,"/Users/zhao/Documents/code/mini-program-polyfill/packages/file/index.ts": {"path":"/Users/zhao/Documents/code/mini-program-polyfill/packages/file/index.ts","all":false,"statementMap":{"0":{"start":{"line":1,"column":0},"end":{"line":1,"column":22}},"1":{"start":{"line":2,"column":0},"end":{"line":2,"column":19}},"2":{"start":{"line":3,"column":0},"end":{"line":3,"column":26}},"3":{"start":{"line":4,"column":0},"end":{"line":4,"column":26}},"4":{"start":{"line":5,"column":0},"end":{"line":5,"column":0}},"5":{"start":{"line":6,"column":0},"end":{"line":6,"column":74}},"6":{"start":{"line":7,"column":0},"end":{"line":7,"column":23}},"7":{"start":{"line":8,"column":0},"end":{"line":8,"column":1}},"8":{"start":{"line":9,"column":0},"end":{"line":9,"column":0}},"9":{"start":{"line":10,"column":0},"end":{"line":10,"column":41}},"10":{"start":{"line":11,"column":0},"end":{"line":11,"column":14}},"11":{"start":{"line":12,"column":0},"end":{"line":12,"column":22}},"12":{"start":{"line":13,"column":0},"end":{"line":13,"column":0}},"13":{"start":{"line":14,"column":0},"end":{"line":14,"column":14}},"14":{"start":{"line":15,"column":0},"end":{"line":15,"column":33}},"15":{"start":{"line":16,"column":0},"end":{"line":16,"column":21}},"16":{"start":{"line":17,"column":0},"end":{"line":17,"column":41}},"17":{"start":{"line":18,"column":0},"end":{"line":18,"column":5}},"18":{"start":{"line":19,"column":0},"end":{"line":19,"column":28}},"19":{"start":{"line":20,"column":0},"end":{"line":20,"column":44}},"20":{"start":{"line":21,"column":0},"end":{"line":21,"column":58}},"21":{"start":{"line":22,"column":0},"end":{"line":22,"column":3}},"22":{"start":{"line":23,"column":0},"end":{"line":23,"column":0}},"23":{"start":{"line":24,"column":0},"end":{"line":24,"column":14}},"24":{"start":{"line":25,"column":0},"end":{"line":25,"column":26}},"25":{"start":{"line":26,"column":0},"end":{"line":26,"column":3}},"26":{"start":{"line":27,"column":0},"end":{"line":27,"column":1}},"27":{"start":{"line":28,"column":0},"end":{"line":28,"column":0}},"28":{"start":{"line":29,"column":0},"end":{"line":29,"column":58}},"29":{"start":{"line":30,"column":0},"end":{"line":30,"column":62}},"30":{"start":{"line":31,"column":0},"end":{"line":31,"column":63}},"31":{"start":{"line":32,"column":0},"end":{"line":32,"column":1}},"32":{"start":{"line":33,"column":0},"end":{"line":33,"column":0}},"33":{"start":{"line":34,"column":0},"end":{"line":34,"column":27}}},"s":{"0":1,"1":1,"2":1,"3":1,"4":1,"5":1,"6":1,"7":1,"8":1,"9":1,"10":1,"11":1,"12":1,"13":1,"14":1,"15":1,"16":1,"17":1,"18":1,"19":1,"20":1,"21":1,"22":1,"23":1,"24":1,"25":1,"26":1,"27":1,"28":1,"29":1,"30":1,"31":1,"32":1,"33":1},"branchMap":{"0":{"type":"branch","line":10,"loc":{"start":{"line":10,"column":0},"end":{"line":27,"column":1}},"locations":[{"start":{"line":10,"column":0},"end":{"line":27,"column":1}}]},"1":{"type":"branch","line":14,"loc":{"start":{"line":14,"column":2},"end":{"line":22,"column":3}},"locations":[{"start":{"line":14,"column":2},"end":{"line":22,"column":3}}]},"2":{"type":"branch","line":17,"loc":{"start":{"line":17,"column":4},"end":{"line":17,"column":41}},"locations":[{"start":{"line":17,"column":4},"end":{"line":17,"column":41}}]},"3":{"type":"branch","line":21,"loc":{"start":{"line":21,"column":44},"end":{"line":21,"column":58}},"locations":[{"start":{"line":21,"column":44},"end":{"line":21,"column":58}}]},"4":{"type":"branch","line":24,"loc":{"start":{"line":24,"column":2},"end":{"line":26,"column":3}},"locations":[{"start":{"line":24,"column":2},"end":{"line":26,"column":3}}]}},"b":{"0":[1],"1":[1],"2":[0],"3":[0],"4":[1]},"fnMap":{"0":{"name":"FilePolyfill","decl":{"start":{"line":14,"column":2},"end":{"line":22,"column":3}},"loc":{"start":{"line":14,"column":2},"end":{"line":22,"column":3}},"line":14},"1":{"name":"Object.<anonymous>.FilePolyfill.toString","decl":{"start":{"line":24,"column":2},"end":{"line":26,"column":3}},"loc":{"start":{"line":24,"column":2},"end":{"line":26,"column":3}},"line":24}},"f":{"0":1,"1":1}}
}
