TN:
SF:packages/blob/index.ts
FN:12,isDataView
FN:16,bufferClone
FN:39,isArrayBufferView
FN:43,concatTypedarrays
FN:64,stringEncode
FN:130,stringDecode
FN:248,BlobPolyfill
FN:282,Object.<anonymous>.BlobPolyfill.slice
FN:289,Object.<anonymous>.BlobPolyfill.toString
FN:293,Object.<anonymous>.BlobPolyfill.arrayBuffer
FN:303,Object.<anonymous>.BlobPolyfill.text
FN:313,Object.<anonymous>.BlobPolyfill.stream
FN:328,stream
FNF:13
FNH:12
FNDA:2,isDataView
FNDA:7,bufferClone
FNDA:7,isArrayBufferView
FNDA:7,concatTypedarrays
FNDA:4,stringEncode
FNDA:2,stringDecode
FNDA:7,BlobPolyfill
FNDA:4,Object.<anonymous>.BlobPolyfill.slice
FNDA:1,Object.<anonymous>.BlobPolyfill.toString
FNDA:4,Object.<anonymous>.BlobPolyfill.arrayBuffer
FNDA:2,Object.<anonymous>.BlobPolyfill.text
FNDA:1,Object.<anonymous>.BlobPolyfill.stream
FNDA:0,stream
DA:1,1
DA:2,1
DA:3,1
DA:4,1
DA:5,1
DA:6,1
DA:7,1
DA:8,1
DA:9,1
DA:10,1
DA:11,1
DA:12,2
DA:13,2
DA:14,2
DA:15,1
DA:16,7
DA:17,7
DA:18,7
DA:19,7
DA:20,7
DA:21,40
DA:22,40
DA:23,7
DA:24,7
DA:25,1
DA:26,1
DA:27,1
DA:28,1
DA:29,1
DA:30,1
DA:31,1
DA:32,1
DA:33,1
DA:34,1
DA:35,1
DA:36,1
DA:37,1
DA:38,1
DA:39,1
DA:40,7
DA:41,7
DA:42,1
DA:43,7
DA:44,7
DA:45,7
DA:46,7
DA:47,12
DA:48,12
DA:49,7
DA:50,7
DA:51,7
DA:52,7
DA:53,12
DA:54,12
DA:55,12
DA:56,12
DA:57,7
DA:58,7
DA:59,7
DA:60,1
DA:61,1
DA:62,1
DA:63,1
DA:64,4
DA:65,4
DA:66,4
DA:67,4
DA:68,4
DA:69,4
DA:70,4
DA:71,4
DA:72,4
DA:73,4
DA:74,16
DA:75,16
DA:76,0
DA:77,0
DA:78,0
DA:79,0
DA:80,0
DA:81,0
DA:82,0
DA:83,0
DA:84,0
DA:85,0
DA:86,0
DA:87,0
DA:88,16
DA:89,16
DA:90,16
DA:91,0
DA:92,0
DA:93,0
DA:94,0
DA:95,0
DA:96,0
DA:97,0
DA:98,0
DA:99,16
DA:100,16
DA:101,16
DA:102,16
DA:103,16
DA:104,16
DA:105,0
DA:106,0
DA:107,0
DA:108,0
DA:109,0
DA:110,0
DA:111,0
DA:112,0
DA:113,0
DA:114,0
DA:115,0
DA:116,0
DA:117,0
DA:118,0
DA:119,0
DA:120,0
DA:121,0
DA:122,0
DA:123,4
DA:124,4
DA:125,4
DA:126,1
DA:127,1
DA:128,1
DA:129,1
DA:130,2
DA:131,2
DA:132,2
DA:133,2
DA:134,2
DA:135,2
DA:136,2
DA:137,8
DA:138,8
DA:139,8
DA:140,8
DA:141,8
DA:142,8
DA:143,8
DA:144,8
DA:145,8
DA:146,8
DA:147,8
DA:148,8
DA:149,8
DA:150,8
DA:151,8
DA:152,0
DA:153,0
DA:154,0
DA:155,0
DA:156,0
DA:157,0
DA:158,0
DA:159,0
DA:160,8
DA:161,0
DA:162,0
DA:163,0
DA:164,0
DA:165,0
DA:166,0
DA:167,0
DA:168,0
DA:169,0
DA:170,0
DA:171,0
DA:172,0
DA:173,0
DA:174,0
DA:175,0
DA:176,8
DA:177,0
DA:178,0
DA:179,0
DA:180,0
DA:181,0
DA:182,0
DA:183,0
DA:184,0
DA:185,0
DA:186,0
DA:187,0
DA:188,0
DA:189,0
DA:190,0
DA:191,0
DA:192,0
DA:193,0
DA:194,8
DA:195,8
DA:196,8
DA:197,8
DA:198,0
DA:199,0
DA:200,0
DA:201,0
DA:202,8
DA:203,0
DA:204,0
DA:205,0
DA:206,0
DA:207,0
DA:208,8
DA:209,8
DA:210,8
DA:211,8
DA:212,2
DA:213,2
DA:214,2
DA:215,2
DA:216,2
DA:217,2
DA:218,2
DA:219,2
DA:220,2
DA:221,2
DA:222,2
DA:223,2
DA:224,2
DA:225,1
DA:226,1
DA:227,1
DA:228,1
DA:229,1
DA:230,1
DA:231,1
DA:232,1
DA:233,1
DA:234,1
DA:235,1
DA:236,1
DA:237,1
DA:238,1
DA:239,1
DA:240,1
DA:241,1
DA:242,1
DA:243,2
DA:244,2
DA:245,2
DA:246,2
DA:247,2
DA:248,2
DA:249,7
DA:250,7
DA:251,7
DA:252,7
DA:253,7
DA:254,12
DA:255,12
DA:256,1
DA:257,12
DA:258,3
DA:259,11
DA:260,8
DA:261,7
DA:262,8
DA:263,6
DA:264,8
DA:265,1
DA:266,1
DA:267,1
DA:268,1
DA:269,12
DA:270,7
DA:271,7
DA:272,7
DA:273,7
DA:274,7
DA:275,7
DA:276,0
DA:277,7
DA:278,7
DA:279,7
DA:280,7
DA:281,2
DA:282,2
DA:283,4
DA:284,4
DA:285,4
DA:286,4
DA:287,4
DA:288,2
DA:289,2
DA:290,1
DA:291,1
DA:292,2
DA:293,2
DA:294,4
DA:295,4
DA:296,4
DA:297,4
DA:298,0
DA:299,0
DA:300,4
DA:301,4
DA:302,2
DA:303,2
DA:304,2
DA:305,2
DA:306,2
DA:307,2
DA:308,0
DA:309,0
DA:310,2
DA:311,2
DA:312,2
DA:313,2
DA:314,1
DA:315,1
DA:316,1
DA:317,1
DA:318,2
DA:319,1
DA:320,1
DA:321,1
DA:322,1
DA:323,1
DA:324,1
DA:325,1
DA:326,1
DA:327,1
DA:328,1
DA:329,0
DA:330,0
DA:331,0
DA:332,0
DA:333,0
DA:334,0
DA:335,0
DA:336,0
DA:337,0
DA:338,0
DA:339,0
DA:340,0
DA:341,0
DA:342,0
DA:343,0
DA:344,0
DA:345,0
DA:346,0
DA:347,1
DA:348,1
DA:349,1
DA:350,0
DA:351,0
DA:352,1
DA:353,1
LF:353
LH:241
BRDA:229,0,0,0
BRDA:235,1,0,0
BRDA:349,2,0,0
BRDA:12,3,0,2
BRDA:16,4,0,7
BRDA:20,5,0,40
BRDA:39,6,0,7
BRDA:43,7,0,7
BRDA:46,8,0,12
BRDA:52,9,0,12
BRDA:55,10,0,7
BRDA:64,11,0,4
BRDA:67,12,0,0
BRDA:73,13,0,16
BRDA:75,14,0,0
BRDA:75,15,0,0
BRDA:90,16,0,0
BRDA:104,17,0,0
BRDA:130,18,0,2
BRDA:136,19,0,8
BRDA:140,20,0,0
BRDA:140,21,0,0
BRDA:140,22,0,0
BRDA:151,23,0,0
BRDA:160,24,0,0
BRDA:176,25,0,0
BRDA:197,26,0,0
BRDA:202,27,0,0
BRDA:243,28,0,2
BRDA:248,29,0,7
BRDA:249,30,0,0
BRDA:250,31,0,1
BRDA:253,32,0,12
BRDA:255,33,0,1
BRDA:257,34,0,11
BRDA:257,35,0,3
BRDA:259,36,0,8
BRDA:260,37,0,7
BRDA:262,38,0,6
BRDA:264,39,0,2
BRDA:264,40,0,1
BRDA:274,41,0,4
BRDA:275,42,0,0
BRDA:282,43,0,4
BRDA:283,44,0,2
BRDA:283,45,0,2
BRDA:289,46,0,1
BRDA:293,47,0,4
BRDA:294,48,0,4
BRDA:296,49,0,0
BRDA:297,50,0,0
BRDA:303,51,0,2
BRDA:304,52,0,2
BRDA:307,53,0,0
BRDA:313,54,0,1
BRF:55
BRH:34
end_of_record
TN:
SF:packages/file/index.ts
FN:14,FilePolyfill
FN:24,Object.<anonymous>.FilePolyfill.toString
FNF:2
FNH:2
FNDA:1,FilePolyfill
FNDA:1,Object.<anonymous>.FilePolyfill.toString
DA:1,1
DA:2,1
DA:3,1
DA:4,1
DA:5,1
DA:6,1
DA:7,1
DA:8,1
DA:9,1
DA:10,1
DA:11,1
DA:12,1
DA:13,1
DA:14,1
DA:15,1
DA:16,1
DA:17,1
DA:18,1
DA:19,1
DA:20,1
DA:21,1
DA:22,1
DA:23,1
DA:24,1
DA:25,1
DA:26,1
DA:27,1
DA:28,1
DA:29,1
DA:30,1
DA:31,1
DA:32,1
DA:33,1
DA:34,1
LF:34
LH:34
BRDA:10,0,0,1
BRDA:14,1,0,1
BRDA:17,2,0,0
BRDA:21,3,0,0
BRDA:24,4,0,1
BRF:5
BRH:3
end_of_record
